\BOOKMARK [0][-]{chapter*.1}{\376\377\000D\000e\000d\000i\000c\000a\000t\000\363\000r\000i\000a}{}% 1
\BOOKMARK [0][-]{chapter*.2}{\376\377\000A\000g\000r\000a\000d\000e\000c\000i\000m\000e\000n\000t\000o\000s}{}% 2
\BOOKMARK [0][-]{chapter*.3}{\376\377\000R\000e\000s\000u\000m\000o}{}% 3
\BOOKMARK [0][-]{chapter*.4}{\376\377\000A\000b\000s\000t\000r\000a\000c\000t}{}% 4
\BOOKMARK [0][-]{chapter.8}{\376\377\000I\000n\000t\000r\000o\000d\000u\000\347\000\343\000o}{}% 5
\BOOKMARK [1][-]{section.9}{\376\377\000O\000b\000j\000e\000t\000i\000v\000o\000s\000\040\000g\000e\000r\000a\000i\000s}{chapter.8}% 6
\BOOKMARK [1][-]{section.10}{\376\377\000O\000b\000j\000e\000t\000i\000v\000o\000s\000\040\000e\000s\000p\000e\000c\000\355\000f\000i\000c\000o\000s}{chapter.8}% 7
\BOOKMARK [1][-]{section.15}{\376\377\000H\000i\000p\000\363\000t\000e\000s\000e}{chapter.8}% 8
\BOOKMARK [1][-]{section.16}{\376\377\000E\000s\000t\000r\000u\000t\000u\000r\000a\000\040\000d\000o\000\040\000t\000r\000a\000b\000a\000l\000h\000o}{chapter.8}% 9
\BOOKMARK [0][-]{chapter.17}{\376\377\000R\000e\000v\000i\000s\000\343\000o\000\040\000B\000i\000b\000l\000i\000o\000g\000r\000\341\000f\000i\000c\000a}{}% 10
\BOOKMARK [1][-]{section.18}{\376\377\000T\000i\000n\000y\000M\000L\000\040\000e\000\040\000D\000i\000s\000p\000o\000s\000i\000t\000i\000v\000o\000s\000\040\000E\000m\000b\000a\000r\000c\000a\000d\000o\000s}{chapter.17}% 11
\BOOKMARK [1][-]{section.19}{\376\377\000T\000r\000a\000b\000a\000l\000h\000o\000s\000\040\000R\000e\000l\000a\000c\000i\000o\000n\000a\000d\000o\000s\000\040\000e\000\040\000A\000b\000o\000r\000d\000a\000g\000e\000n\000s\000\040\000n\000a\000\040\000L\000i\000t\000e\000r\000a\000t\000u\000r\000a}{chapter.17}% 12
\BOOKMARK [1][-]{section.27}{\376\377\000C\000o\000n\000s\000i\000d\000e\000r\000a\000\347\000\365\000e\000s\000\040\000F\000i\000n\000a\000i\000s\000\040\000d\000a\000\040\000R\000e\000v\000i\000s\000\343\000o}{chapter.17}% 13
\BOOKMARK [0][-]{chapter.28}{\376\377\000F\000u\000n\000d\000a\000m\000e\000n\000t\000a\000\347\000\343\000o\000\040\000t\000e\000\363\000r\000i\000c\000a}{}% 14
\BOOKMARK [1][-]{section.29}{\376\377\000A\000q\000u\000i\000s\000i\000\347\000\343\000o\000\040\000e\000\040\000P\000r\000e\000p\000a\000r\000a\000\347\000\343\000o\000\040\000d\000o\000s\000\040\000D\000a\000d\000o\000s}{chapter.28}% 15
\BOOKMARK [1][-]{section.30}{\376\377\000D\000e\000s\000e\000n\000v\000o\000l\000v\000i\000m\000e\000n\000t\000o\000\040\000e\000\040\000T\000r\000e\000i\000n\000a\000m\000e\000n\000t\000o\000\040\000d\000e\000\040\000M\000o\000d\000e\000l\000o\000s}{chapter.28}% 16
\BOOKMARK [1][-]{section.34}{\376\377\000Q\000u\000a\000n\000t\000i\000z\000a\000\347\000\343\000o\000\040\000p\000a\000r\000a\000\040\000c\000o\000m\000p\000a\000c\000t\000a\000\347\000\343\000o\000\040\000d\000e\000\040\000M\000o\000d\000e\000l\000o\000s}{chapter.28}% 17
\BOOKMARK [1][-]{section.35}{\376\377\000V\000a\000l\000i\000d\000a\000\347\000\343\000o\000,\000\040\000A\000j\000u\000s\000t\000e\000\040\000F\000i\000n\000o\000\040\000e\000\040\000M\000\351\000t\000r\000i\000c\000a\000s\000\040\000d\000e\000\040\000D\000e\000s\000e\000m\000p\000e\000n\000h\000o}{chapter.28}% 18
\BOOKMARK [1][-]{section.43}{\376\377\000I\000m\000p\000l\000a\000n\000t\000a\000\347\000\343\000o\000\040\000e\000m\000\040\000D\000i\000s\000p\000o\000s\000i\000t\000i\000v\000o\000s\000\040\000E\000m\000b\000a\000r\000c\000a\000d\000o\000s}{chapter.28}% 19
\BOOKMARK [0][-]{chapter.47}{\376\377\000P\000r\000o\000p\000o\000s\000t\000a\000\040\000d\000e\000\040\000t\000r\000a\000b\000a\000l\000h\000o}{}% 20
\BOOKMARK [1][-]{section.48}{\376\377\000D\000e\000s\000c\000r\000i\000\347\000\343\000o\000\040\000d\000a\000\040\000p\000r\000o\000p\000o\000s\000t\000a}{chapter.47}% 21
\BOOKMARK [1][-]{section.49}{\376\377\000E\000t\000a\000p\000a\000s\000\040\000d\000o\000\040\000t\000r\000a\000b\000a\000l\000h\000o}{chapter.47}% 22
\BOOKMARK [0][-]{chapter.59}{\376\377\000D\000e\000s\000e\000n\000v\000o\000l\000v\000i\000m\000e\000n\000t\000o}{}% 23
\BOOKMARK [1][-]{section.60}{\376\377\000C\000o\000l\000e\000t\000a\000\040\000e\000\040\000s\000e\000l\000e\000\347\000\343\000o\000\040\000d\000o\000\040\000b\000a\000n\000c\000o\000\040\000d\000e\000\040\000d\000a\000d\000o\000s}{chapter.59}% 24
\BOOKMARK [1][-]{section.63}{\376\377\000P\000r\000\351\000-\000p\000r\000o\000c\000e\000s\000s\000a\000m\000e\000n\000t\000o\000\040\000d\000o\000s\000\040\000d\000a\000d\000o\000s}{chapter.59}% 25
\BOOKMARK [1][-]{section.66}{\376\377\000D\000e\000s\000e\000n\000v\000o\000l\000v\000i\000m\000e\000n\000t\000o\000\040\000e\000\040\000t\000r\000e\000i\000n\000a\000m\000e\000n\000t\000o\000\040\000d\000o\000\040\000m\000o\000d\000e\000l\000o}{chapter.59}% 26
\BOOKMARK [2][-]{subsection.67}{\376\377\000F\000l\000u\000x\000o\000\040\000d\000e\000\040\000d\000a\000d\000o\000s}{section.66}% 27
\BOOKMARK [2][-]{subsection.68}{\376\377\000A\000r\000q\000u\000i\000t\000e\000t\000u\000r\000a\000\040\000e\000\040\000e\000s\000t\000r\000a\000t\000\351\000g\000i\000a\000\040\000d\000e\000\040\000t\000r\000e\000i\000n\000a\000m\000e\000n\000t\000o}{section.66}% 28
\BOOKMARK [2][-]{subsection.71}{\376\377\000F\000u\000n\000\347\000\343\000o\000\040\000d\000e\000\040\000p\000e\000r\000d\000a\000,\000\040\000o\000t\000i\000m\000i\000z\000a\000d\000o\000r\000\040\000e\000\040\000m\000e\000c\000a\000n\000i\000s\000m\000o\000s\000\040\000d\000e\000\040\000c\000o\000n\000t\000r\000o\000l\000e\000\040\000\050\000c\000a\000l\000l\000b\000a\000c\000k\000s\000\051}{section.66}% 29
\BOOKMARK [2][-]{subsection.72}{\376\377\000R\000e\000s\000u\000l\000t\000a\000d\000o\000s\000\040\000d\000o\000\040\000t\000r\000e\000i\000n\000o}{section.66}% 30
\BOOKMARK [1][-]{section.74}{\376\377\000Q\000u\000a\000n\000t\000i\000z\000a\000\347\000\343\000o\000\040\000d\000o\000\040\000m\000o\000d\000e\000l\000o}{chapter.59}% 31
\BOOKMARK [2][-]{subsection.75}{\376\377\000A\000b\000o\000r\000d\000a\000g\000e\000m\000\040\000a\000d\000o\000t\000a\000d\000a}{section.74}% 32
\BOOKMARK [2][-]{subsection.101}{\376\377\000C\000o\000n\000j\000u\000n\000t\000o\000\040\000r\000e\000p\000r\000e\000s\000e\000n\000t\000a\000t\000i\000v\000o}{section.74}% 33
\BOOKMARK [2][-]{subsection.102}{\376\377\000V\000a\000l\000i\000d\000a\000\347\000\343\000o\000\040\000d\000o\000\040\000m\000o\000d\000e\000l\000o\000\040\000q\000u\000a\000n\000t\000i\000z\000a\000d\000o}{section.74}% 34
\BOOKMARK [1][-]{section.103}{\376\377\000E\000s\000c\000o\000l\000h\000a\000\040\000e\000\040\000p\000r\000e\000p\000a\000r\000a\000\347\000\343\000o\000\040\000d\000o\000\040\000h\000a\000r\000d\000w\000a\000r\000e}{chapter.59}% 35
\BOOKMARK [2][-]{subsection.105}{\376\377\000P\000r\000e\000p\000a\000r\000a\000\347\000\343\000o\000\040\000e\000\040\000c\000o\000n\000f\000i\000g\000u\000r\000a\000\347\000\343\000o\000\040\000i\000n\000i\000c\000i\000a\000l}{section.103}% 36
\BOOKMARK [1][-]{section.112}{\376\377\000I\000m\000p\000l\000e\000m\000e\000n\000t\000a\000\347\000\343\000o\000\040\000e\000\040\000d\000e\000m\000o\000n\000s\000t\000r\000a\000\347\000\343\000o\000\040\000p\000r\000\341\000t\000i\000c\000a}{chapter.59}% 37
\BOOKMARK [2][-]{subsection.113}{\376\377\000F\000l\000u\000x\000o\000\040\000d\000e\000\040\000i\000n\000f\000e\000r\000\352\000n\000c\000i\000a}{section.112}% 38
\BOOKMARK [0][-]{chapter.140}{\376\377\000R\000e\000s\000u\000l\000t\000a\000d\000o\000s\000\040\000e\000\040\000D\000i\000s\000c\000u\000s\000s\000\343\000o}{}% 39
\BOOKMARK [1][-]{section.141}{\376\377\000A\000v\000a\000l\000i\000a\000\347\000\343\000o\000\040\000d\000e\000\040\000d\000e\000s\000e\000m\000p\000e\000n\000h\000o}{chapter.140}% 40
\BOOKMARK [2][-]{subsection.142}{\376\377\000M\000\351\000t\000r\000i\000c\000a\000s\000\040\000g\000l\000o\000b\000a\000i\000s}{section.141}% 41
\BOOKMARK [2][-]{subsection.144}{\376\377\000R\000e\000l\000a\000t\000\363\000r\000i\000o\000\040\000d\000e\000\040\000c\000l\000a\000s\000s\000i\000f\000i\000c\000a\000\347\000\343\000o\000\040\000p\000o\000r\000\040\000c\000l\000a\000s\000s\000e}{section.141}% 42
\BOOKMARK [2][-]{subsection.146}{\376\377\000M\000a\000t\000r\000i\000z\000\040\000d\000e\000\040\000c\000o\000n\000f\000u\000s\000\343\000o}{section.141}% 43
\BOOKMARK [2][-]{subsection.148}{\376\377\000C\000u\000r\000v\000a\000s\000\040\000C\000O\000R\000\040\000m\000u\000l\000t\000i\000c\000l\000a\000s\000s\000e}{section.141}% 44
\BOOKMARK [2][-]{subsection.150}{\376\377\000D\000i\000s\000c\000u\000s\000s\000\343\000o}{section.141}% 45
\BOOKMARK [1][-]{section.151}{\376\377\000A\000v\000a\000l\000i\000a\000\347\000\343\000o\000\040\000e\000\040\000a\000n\000\341\000l\000i\000s\000e\000\040\000d\000e\000\040\000e\000f\000i\000c\000i\000\352\000n\000c\000i\000a\000\040\000c\000o\000m\000p\000u\000t\000a\000c\000i\000o\000n\000a\000l}{chapter.140}% 46
\BOOKMARK [2][-]{subsection.152}{\376\377\000M\000o\000n\000t\000a\000g\000e\000m\000\040\000e\000x\000p\000e\000r\000i\000m\000e\000n\000t\000a\000l}{section.151}% 47
\BOOKMARK [2][-]{subsection.154}{\376\377\000R\000e\000s\000u\000l\000t\000a\000d\000o\000s\000\040\000s\000o\000b\000r\000e\000\040\000o\000\040\000t\000e\000m\000p\000o\000\040\000d\000e\000\040\000i\000n\000f\000e\000r\000\352\000n\000c\000i\000a}{section.151}% 48
\BOOKMARK [2][-]{subsection.159}{\376\377\000U\000s\000o\000\040\000d\000e\000\040\000C\000P\000U\000\040\000e\000\040\000m\000e\000m\000\363\000r\000i\000a\000\040\000R\000A\000M}{section.151}% 49
\BOOKMARK [2][-]{subsection.160}{\376\377\000S\000\355\000n\000t\000e\000s\000e\000\040\000d\000o\000s\000\040\000r\000e\000s\000u\000l\000t\000a\000d\000o\000s}{section.151}% 50
\BOOKMARK [1][-]{section.161}{\376\377\000L\000i\000m\000i\000t\000a\000\347\000\365\000e\000s\000\040\000e\000\040\000s\000u\000g\000e\000s\000t\000\365\000e\000s\000\040\000d\000e\000\040\000m\000e\000l\000h\000o\000r\000i\000a}{chapter.140}% 51
\BOOKMARK [0][-]{chapter.162}{\376\377\000C\000o\000n\000c\000l\000u\000s\000\365\000e\000s}{}% 52
\BOOKMARK [0][-]{chapter*.163}{\376\377\000R\000e\000f\000e\000r\000\352\000n\000c\000i\000a\000s}{}% 53
